<?xml version="1.0" encoding="UTF-8" ?>
<testsuite tests="5" failures="0" name="exampleC.EchoClientTest" time="5.125" errors="0" skipped="0">
  <properties>
[...]
</properties>
  <testcase classname="exampleC.EchoClientTest" name="sendMsgAgain" time="5.116"/>
  <testcase classname="exampleC.EchoClientTest" name="noMsgRecive" time="0"/>
  <testcase classname="exampleC.EchoClientTest" name="dataSendingNull" time="0"/>
  <testcase classname="exampleC.EchoClientTest" name="dataSending" time="0.006"/>
  <testcase classname="exampleC.EchoClientTest" name="getResponse" time="0.003"/>
</testsuite>